<?xml version="1.0" encoding="UTF-8"?>
<!-- Generated by org.testng.reporters.JUnitXMLReporter -->
<testsuite ignored="0" hostname="admin-desktop" failures="0" tests="5" name="Appium basic test cases" time="121.696" errors="0" timestamp="2020-01-09T19:58:03 IST">
  <testcase classname="com.bridgelabz.test.Calculator" name="addTest" time="19.112"/>
  <testcase classname="com.bridgelabz.test.DragAndDrop" name="dragAndDropTest" time="24.583"/>
  <testcase classname="com.bridgelabz.test.InstallApk" name="installApkTest" time="15.818"/>
  <testcase classname="com.bridgelabz.test.TextBoxCheckBoxRadioButton" name="test" time="33.635"/>
  <testcase classname="com.bridgelabz.test.VerticalScrolling" name="scrollingTest" time="28.476"/>
</testsuite> <!-- Appium basic test cases -->
